<?xml version="1.0" encoding="UTF-8"?>
<!-- Generated by org.testng.reporters.JUnitXMLReporter -->
<testsuite hostname="Amardeeps-MacBook-Air.local" ignored="0" name="NewUserCreation Test" tests="3" failures="0" timestamp="18 Mar 2019 04:06:38 GMT" time="6.065" errors="0">
  <testcase name="newUserCreationTest" time="2.63" classname="com.selenium.webproject.testcases.newUserCreation_TestScenarios"/>
  <testcase name="invalidLoginTest_EmptyUserName" time="1.582" classname="com.selenium.webproject.testcases.newUserCreation_TestScenarios"/>
  <testcase name="invalidLoginTest_EmptyPassword" time="1.79" classname="com.selenium.webproject.testcases.newUserCreation_TestScenarios"/>
</testsuite> <!-- NewUserCreation Test -->
